Wed Jan 08 11:36:36 CST 2020  [debug] AvalonLogSystem initialized using logfile 'E:\masterSpring\.metadata\.plugins\com.genuitec.eclipse.templates\velocity.log'
Wed Jan 08 11:36:36 CST 2020   [info] ************************************************************** 
Wed Jan 08 11:36:36 CST 2020   [info] Starting Jakarta Velocity v1.4
Wed Jan 08 11:36:36 CST 2020   [info] RuntimeInstance initializing.
Wed Jan 08 11:36:36 CST 2020   [info] Default Properties File: org\apache\velocity\runtime\defaults\velocity.properties
Wed Jan 08 11:36:36 CST 2020   [info] Trying to use logger class org.apache.velocity.runtime.log.AvalonLogSystem
Wed Jan 08 11:36:36 CST 2020   [info] Using logger class org.apache.velocity.runtime.log.AvalonLogSystem
Wed Jan 08 11:36:36 CST 2020   [info] Default ResourceManager initializing. (class org.apache.velocity.runtime.resource.ResourceManagerImpl)
Wed Jan 08 11:36:36 CST 2020   [info] Resource Loader Instantiated: com.genuitec.eclipse.templates.internal.PluginResourceLoader
Wed Jan 08 11:36:36 CST 2020   [info] ResourceCache : initialized. (class org.apache.velocity.runtime.resource.ResourceCacheImpl)
Wed Jan 08 11:36:36 CST 2020   [info] Default ResourceManager initialization complete.
Wed Jan 08 11:36:36 CST 2020   [info] Loaded System Directive: org.apache.velocity.runtime.directive.Literal
Wed Jan 08 11:36:36 CST 2020   [info] Loaded System Directive: org.apache.velocity.runtime.directive.Macro
Wed Jan 08 11:36:36 CST 2020   [info] Loaded System Directive: org.apache.velocity.runtime.directive.Parse
Wed Jan 08 11:36:36 CST 2020   [info] Loaded System Directive: org.apache.velocity.runtime.directive.Include
Wed Jan 08 11:36:36 CST 2020   [info] Loaded System Directive: org.apache.velocity.runtime.directive.Foreach
Wed Jan 08 11:36:36 CST 2020   [info] Created: 20 parsers.
Wed Jan 08 11:36:36 CST 2020   [info] Velocimacro : initialization starting.
Wed Jan 08 11:36:36 CST 2020   [info] Velocimacro : adding VMs from VM library template : VM_global_library.vm
Wed Jan 08 11:36:36 CST 2020   [info] ResourceManager : found VM_global_library.vm with loader com.genuitec.eclipse.templates.internal.PluginResourceLoader
Wed Jan 08 11:36:36 CST 2020   [info] Velocimacro :  VM library template macro registration complete.
Wed Jan 08 11:36:36 CST 2020   [info] Velocimacro : allowInline = true : VMs can be defined inline in templates
Wed Jan 08 11:36:36 CST 2020   [info] Velocimacro : allowInlineToOverride = true : VMs defined inline may replace previous VM definitions
Wed Jan 08 11:36:36 CST 2020   [info] Velocimacro : allowInlineLocal = true : VMs defined inline will be local to their defining template only.
Wed Jan 08 11:36:36 CST 2020   [info] Velocimacro : messages on  : VM system will output logging messages
Wed Jan 08 11:36:36 CST 2020   [info] Velocimacro : autoload off  : VM system will not automatically reload global library macros
Wed Jan 08 11:36:36 CST 2020   [info] Velocimacro : initialization complete.
Wed Jan 08 11:36:36 CST 2020   [info] Velocity successfully started.
Wed Jan 08 11:36:36 CST 2020   [info] ResourceManager : found /templates/velocity/welcome/Jsp.vtl with loader com.genuitec.eclipse.templates.internal.PluginResourceLoader
Wed Jan 08 13:41:12 CST 2020   [info] ResourceManager : found data/1.2/applicationContext-template-2.xml.vtl with loader com.genuitec.eclipse.templates.internal.PluginResourceLoader
